TN:
SF:libs/nx-homelab-plugin/generators/argo-app/generator.ts
FN:9,default_1
FN:35,(anonymous_1)
FNF:2
FNH:1
FNDA:1,default_1
FNDA:0,(anonymous_1)
DA:1,1
DA:9,1
DA:10,1
DA:13,1
DA:33,1
DA:34,1
DA:35,1
LF:7
LH:7
BRDA:26,0,0,1
BRDA:26,0,1,0
BRF:2
BRH:1
end_of_record
TN:
SF:libs/nx-homelab-plugin/generators/service/generator.ts
FN:9,default_1
FN:90,(anonymous_1)
FNF:2
FNH:1
FNDA:2,default_1
FNDA:0,(anonymous_1)
DA:1,1
DA:9,1
DA:10,2
DA:11,2
DA:14,2
DA:16,2
DA:18,1
DA:30,1
DA:39,1
DA:45,1
DA:59,1
DA:69,1
DA:89,2
DA:90,2
LF:14
LH:14
BRDA:14,0,0,2
BRDA:14,0,1,1
BRDA:16,1,0,1
BRDA:16,1,1,1
BRF:4
BRH:4
end_of_record
TN:
SF:libs/nx-homelab-plugin/generators/vault-secret/generator.ts
FN:8,default_1
FN:15,(anonymous_1)
FN:19,(anonymous_2)
FN:35,(anonymous_3)
FNF:4
FNH:3
FNDA:1,default_1
FNDA:2,(anonymous_1)
FNDA:2,(anonymous_2)
FNDA:0,(anonymous_3)
DA:1,1
DA:8,1
DA:9,1
DA:10,1
DA:13,1
DA:15,2
DA:19,2
DA:23,1
DA:26,1
DA:32,1
DA:34,1
DA:35,1
LF:12
LH:12
BRF:0
BRH:0
end_of_record
